/Users/julien/.rvm/gems/ruby-1.9.3-p125/gems/serialport-1.0.4/lib/serialport.rb:16:in `create': No such file or directory - somewhere (Errno::ENOENT)
	from /Users/julien/.rvm/gems/ruby-1.9.3-p125/gems/serialport-1.0.4/lib/serialport.rb:16:in `new'
	from /Users/julien/dev/repos/rrroomba/lib/roomba.rb:85:in `initialize'
	from lib/roomba_socket_server.rb:59:in `new'
	from lib/roomba_socket_server.rb:59:in `block in <main>'
	from lib/roomba_socket_server.rb:55:in `each'
	from lib/roomba_socket_server.rb:55:in `<main>'
somewhere
0
115200
/Users/julien/.rvm/gems/ruby-1.9.3-p125/gems/serialport-1.0.4/lib/serialport.rb:16:in `create': No such file or directory - somewhere (Errno::ENOENT)
	from /Users/julien/.rvm/gems/ruby-1.9.3-p125/gems/serialport-1.0.4/lib/serialport.rb:16:in `new'
	from /Users/julien/dev/repos/rrroomba/lib/roomba.rb:85:in `initialize'
	from lib/roomba_socket_server.rb:59:in `new'
	from lib/roomba_socket_server.rb:59:in `block in <main>'
	from lib/roomba_socket_server.rb:55:in `each'
	from lib/roomba_socket_server.rb:55:in `<main>'
somewhere
0
115200
/Users/julien/.rvm/gems/ruby-1.9.3-p125/gems/serialport-1.0.4/lib/serialport.rb:16:in `create': No such file or directory - somewhere (Errno::ENOENT)
	from /Users/julien/.rvm/gems/ruby-1.9.3-p125/gems/serialport-1.0.4/lib/serialport.rb:16:in `new'
	from /Users/julien/dev/repos/rrroomba/lib/roomba.rb:85:in `initialize'
	from lib/roomba_socket_server.rb:59:in `new'
	from lib/roomba_socket_server.rb:59:in `block in <main>'
	from lib/roomba_socket_server.rb:55:in `each'
	from lib/roomba_socket_server.rb:55:in `<main>'
somewhere
0
115200
/Users/julien/.rvm/gems/ruby-1.9.3-p125/gems/serialport-1.0.4/lib/serialport.rb:16:in `create': No such file or directory - somewhere (Errno::ENOENT)
	from /Users/julien/.rvm/gems/ruby-1.9.3-p125/gems/serialport-1.0.4/lib/serialport.rb:16:in `new'
	from /Users/julien/dev/repos/rrroomba/lib/roomba.rb:85:in `initialize'
	from lib/roomba_socket_server.rb:59:in `new'
	from lib/roomba_socket_server.rb:59:in `block in <main>'
	from lib/roomba_socket_server.rb:55:in `each'
	from lib/roomba_socket_server.rb:55:in `<main>'
somewhere
0
115200
/Users/julien/.rvm/gems/ruby-1.9.3-p125/gems/serialport-1.0.4/lib/serialport.rb:16:in `create': No such file or directory - somewhere (Errno::ENOENT)
	from /Users/julien/.rvm/gems/ruby-1.9.3-p125/gems/serialport-1.0.4/lib/serialport.rb:16:in `new'
	from /Users/julien/dev/repos/rrroomba/lib/roomba.rb:85:in `initialize'
	from lib/roomba_socket_server.rb:59:in `new'
	from lib/roomba_socket_server.rb:59:in `block in <main>'
	from lib/roomba_socket_server.rb:55:in `each'
	from lib/roomba_socket_server.rb:55:in `<main>'
somewhere
0
115200
/Users/julien/.rvm/gems/ruby-1.9.3-p125/gems/serialport-1.0.4/lib/serialport.rb:16:in `create': No such file or directory - somewhere (Errno::ENOENT)
	from /Users/julien/.rvm/gems/ruby-1.9.3-p125/gems/serialport-1.0.4/lib/serialport.rb:16:in `new'
	from /Users/julien/dev/repos/rrroomba/lib/roomba.rb:85:in `initialize'
	from lib/roomba_socket_server.rb:59:in `new'
	from lib/roomba_socket_server.rb:59:in `block in <main>'
	from lib/roomba_socket_server.rb:55:in `each'
	from lib/roomba_socket_server.rb:55:in `<main>'
somewhere
0
115200
/Users/julien/.rvm/gems/ruby-1.9.3-p125/gems/serialport-1.0.4/lib/serialport.rb:16:in `create': No such file or directory - somewhere (Errno::ENOENT)
	from /Users/julien/.rvm/gems/ruby-1.9.3-p125/gems/serialport-1.0.4/lib/serialport.rb:16:in `new'
	from /Users/julien/dev/repos/rrroomba/lib/roomba.rb:85:in `initialize'
	from lib/roomba_socket_server.rb:59:in `new'
	from lib/roomba_socket_server.rb:59:in `block in <main>'
	from lib/roomba_socket_server.rb:55:in `each'
	from lib/roomba_socket_server.rb:55:in `<main>'
somewhere
0
115200
/Users/julien/.rvm/gems/ruby-1.9.3-p125/gems/serialport-1.0.4/lib/serialport.rb:16:in `create': No such file or directory - somewhere (Errno::ENOENT)
	from /Users/julien/.rvm/gems/ruby-1.9.3-p125/gems/serialport-1.0.4/lib/serialport.rb:16:in `new'
	from /Users/julien/dev/repos/rrroomba/lib/roomba.rb:85:in `initialize'
	from lib/roomba_socket_server.rb:59:in `new'
	from lib/roomba_socket_server.rb:59:in `block in <main>'
	from lib/roomba_socket_server.rb:55:in `each'
	from lib/roomba_socket_server.rb:55:in `<main>'
somewhere
0
115200
/Users/julien/.rvm/gems/ruby-1.9.3-p125/gems/serialport-1.0.4/lib/serialport.rb:16:in `create': No such file or directory - somewhere (Errno::ENOENT)
	from /Users/julien/.rvm/gems/ruby-1.9.3-p125/gems/serialport-1.0.4/lib/serialport.rb:16:in `new'
	from /Users/julien/dev/repos/rrroomba/lib/roomba.rb:85:in `initialize'
	from lib/roomba_socket_server.rb:59:in `new'
	from lib/roomba_socket_server.rb:59:in `block in <main>'
	from lib/roomba_socket_server.rb:55:in `each'
	from lib/roomba_socket_server.rb:55:in `<main>'
somewhere
0
115200
/Users/julien/.rvm/gems/ruby-1.9.3-p125/gems/serialport-1.0.4/lib/serialport.rb:16:in `create': No such file or directory - somewhere (Errno::ENOENT)
	from /Users/julien/.rvm/gems/ruby-1.9.3-p125/gems/serialport-1.0.4/lib/serialport.rb:16:in `new'
	from /Users/julien/dev/repos/rrroomba/lib/roomba.rb:85:in `initialize'
	from lib/roomba_socket_server.rb:59:in `new'
	from lib/roomba_socket_server.rb:59:in `block in <main>'
	from lib/roomba_socket_server.rb:55:in `each'
	from lib/roomba_socket_server.rb:55:in `<main>'
somewhere
0
115200
/Users/julien/.rvm/gems/ruby-1.9.3-p125/gems/serialport-1.0.4/lib/serialport.rb:16:in `create': No such file or directory - somewhere (Errno::ENOENT)
	from /Users/julien/.rvm/gems/ruby-1.9.3-p125/gems/serialport-1.0.4/lib/serialport.rb:16:in `new'
	from /Users/julien/dev/repos/rrroomba/lib/roomba.rb:85:in `initialize'
	from lib/roomba_socket_server.rb:59:in `new'
	from lib/roomba_socket_server.rb:59:in `block in <main>'
	from lib/roomba_socket_server.rb:55:in `each'
	from lib/roomba_socket_server.rb:55:in `<main>'
somewhere
0
115200
/Users/julien/.rvm/gems/ruby-1.9.3-p125/gems/serialport-1.0.4/lib/serialport.rb:16:in `create': No such file or directory - somewhere (Errno::ENOENT)
	from /Users/julien/.rvm/gems/ruby-1.9.3-p125/gems/serialport-1.0.4/lib/serialport.rb:16:in `new'
	from /Users/julien/dev/repos/rrroomba/lib/roomba.rb:85:in `initialize'
	from lib/roomba_socket_server.rb:59:in `new'
	from lib/roomba_socket_server.rb:59:in `block in <main>'
	from lib/roomba_socket_server.rb:55:in `each'
	from lib/roomba_socket_server.rb:55:in `<main>'
somewhere
0
115200
/Users/julien/.rvm/gems/ruby-1.9.3-p125/gems/serialport-1.0.4/lib/serialport.rb:16:in `create': No such file or directory - somewhere (Errno::ENOENT)
	from /Users/julien/.rvm/gems/ruby-1.9.3-p125/gems/serialport-1.0.4/lib/serialport.rb:16:in `new'
	from /Users/julien/dev/repos/rrroomba/lib/roomba.rb:85:in `initialize'
	from lib/roomba_socket_server.rb:59:in `new'
	from lib/roomba_socket_server.rb:59:in `block in <main>'
	from lib/roomba_socket_server.rb:55:in `each'
	from lib/roomba_socket_server.rb:55:in `<main>'
somewhere
0
115200
/Users/julien/.rvm/gems/ruby-1.9.3-p125/gems/serialport-1.0.4/lib/serialport.rb:16:in `create': No such file or directory - somewhere (Errno::ENOENT)
	from /Users/julien/.rvm/gems/ruby-1.9.3-p125/gems/serialport-1.0.4/lib/serialport.rb:16:in `new'
	from /Users/julien/dev/repos/rrroomba/lib/roomba.rb:85:in `initialize'
	from lib/roomba_socket_server.rb:59:in `new'
	from lib/roomba_socket_server.rb:59:in `block in <main>'
	from lib/roomba_socket_server.rb:55:in `each'
	from lib/roomba_socket_server.rb:55:in `<main>'
somewhere
0
115200
/Users/julien/.rvm/gems/ruby-1.9.3-p125/gems/serialport-1.0.4/lib/serialport.rb:16:in `create': No such file or directory - somewhere (Errno::ENOENT)
	from /Users/julien/.rvm/gems/ruby-1.9.3-p125/gems/serialport-1.0.4/lib/serialport.rb:16:in `new'
	from /Users/julien/dev/repos/rrroomba/lib/roomba.rb:85:in `initialize'
	from lib/roomba_socket_server.rb:59:in `new'
	from lib/roomba_socket_server.rb:59:in `block in <main>'
	from lib/roomba_socket_server.rb:55:in `each'
	from lib/roomba_socket_server.rb:55:in `<main>'
somewhere
0
115200
/Users/julien/.rvm/gems/ruby-1.9.3-p125/gems/serialport-1.0.4/lib/serialport.rb:16:in `create': No such file or directory - somewhere (Errno::ENOENT)
	from /Users/julien/.rvm/gems/ruby-1.9.3-p125/gems/serialport-1.0.4/lib/serialport.rb:16:in `new'
	from /Users/julien/dev/repos/rrroomba/lib/roomba.rb:85:in `initialize'
	from lib/roomba_socket_server.rb:59:in `new'
	from lib/roomba_socket_server.rb:59:in `block in <main>'
	from lib/roomba_socket_server.rb:55:in `each'
	from lib/roomba_socket_server.rb:55:in `<main>'
somewhere
0
115200
/Users/julien/.rvm/gems/ruby-1.9.3-p125/gems/serialport-1.0.4/lib/serialport.rb:16:in `create': No such file or directory - somewhere (Errno::ENOENT)
	from /Users/julien/.rvm/gems/ruby-1.9.3-p125/gems/serialport-1.0.4/lib/serialport.rb:16:in `new'
	from /Users/julien/dev/repos/rrroomba/lib/roomba.rb:85:in `initialize'
	from lib/roomba_socket_server.rb:59:in `new'
	from lib/roomba_socket_server.rb:59:in `block in <main>'
	from lib/roomba_socket_server.rb:55:in `each'
	from lib/roomba_socket_server.rb:55:in `<main>'
somewhere
0
115200
/Users/julien/.rvm/gems/ruby-1.9.3-p125/gems/serialport-1.0.4/lib/serialport.rb:16:in `create': No such file or directory - somewhere (Errno::ENOENT)
	from /Users/julien/.rvm/gems/ruby-1.9.3-p125/gems/serialport-1.0.4/lib/serialport.rb:16:in `new'
	from /Users/julien/dev/repos/rrroomba/lib/roomba.rb:85:in `initialize'
	from lib/roomba_socket_server.rb:59:in `new'
	from lib/roomba_socket_server.rb:59:in `block in <main>'
	from lib/roomba_socket_server.rb:55:in `each'
	from lib/roomba_socket_server.rb:55:in `<main>'
somewhere
0
115200
/Users/julien/.rvm/gems/ruby-1.9.3-p125/gems/serialport-1.0.4/lib/serialport.rb:16:in `create': No such file or directory - somewhere (Errno::ENOENT)
	from /Users/julien/.rvm/gems/ruby-1.9.3-p125/gems/serialport-1.0.4/lib/serialport.rb:16:in `new'
	from /Users/julien/dev/repos/rrroomba/lib/roomba.rb:85:in `initialize'
	from lib/roomba_socket_server.rb:59:in `new'
	from lib/roomba_socket_server.rb:59:in `block in <main>'
	from lib/roomba_socket_server.rb:55:in `each'
	from lib/roomba_socket_server.rb:55:in `<main>'
somewhere
0
115200
/Users/julien/.rvm/gems/ruby-1.9.3-p125/gems/serialport-1.0.4/lib/serialport.rb:16:in `create': No such file or directory - somewhere (Errno::ENOENT)
	from /Users/julien/.rvm/gems/ruby-1.9.3-p125/gems/serialport-1.0.4/lib/serialport.rb:16:in `new'
	from /Users/julien/dev/repos/rrroomba/lib/roomba.rb:85:in `initialize'
	from lib/roomba_socket_server.rb:59:in `new'
	from lib/roomba_socket_server.rb:59:in `block in <main>'
	from lib/roomba_socket_server.rb:55:in `each'
	from lib/roomba_socket_server.rb:55:in `<main>'
somewhere
0
115200
/Users/julien/.rvm/gems/ruby-1.9.3-p125/gems/serialport-1.0.4/lib/serialport.rb:16:in `create': No such file or directory - somewhere (Errno::ENOENT)
	from /Users/julien/.rvm/gems/ruby-1.9.3-p125/gems/serialport-1.0.4/lib/serialport.rb:16:in `new'
	from /Users/julien/dev/repos/rrroomba/lib/roomba.rb:85:in `initialize'
	from lib/roomba_socket_server.rb:59:in `new'
	from lib/roomba_socket_server.rb:59:in `block in <main>'
	from lib/roomba_socket_server.rb:55:in `each'
	from lib/roomba_socket_server.rb:55:in `<main>'
somewhere
0
115200
/Users/julien/.rvm/gems/ruby-1.9.3-p125/gems/serialport-1.0.4/lib/serialport.rb:16:in `create': No such file or directory - somewhere (Errno::ENOENT)
	from /Users/julien/.rvm/gems/ruby-1.9.3-p125/gems/serialport-1.0.4/lib/serialport.rb:16:in `new'
	from /Users/julien/dev/repos/rrroomba/lib/roomba.rb:85:in `initialize'
	from lib/roomba_socket_server.rb:59:in `new'
	from lib/roomba_socket_server.rb:59:in `block in <main>'
	from lib/roomba_socket_server.rb:55:in `each'
	from lib/roomba_socket_server.rb:55:in `<main>'
somewhere
0
115200
/Users/julien/.rvm/gems/ruby-1.9.3-p125/gems/serialport-1.0.4/lib/serialport.rb:16:in `create': No such file or directory - somewhere (Errno::ENOENT)
	from /Users/julien/.rvm/gems/ruby-1.9.3-p125/gems/serialport-1.0.4/lib/serialport.rb:16:in `new'
	from /Users/julien/dev/repos/rrroomba/lib/roomba.rb:85:in `initialize'
	from lib/roomba_socket_server.rb:59:in `new'
	from lib/roomba_socket_server.rb:59:in `block in <main>'
	from lib/roomba_socket_server.rb:55:in `each'
	from lib/roomba_socket_server.rb:55:in `<main>'
somewhere
0
115200
/Users/julien/.rvm/gems/ruby-1.9.3-p125/gems/serialport-1.0.4/lib/serialport.rb:16:in `create': No such file or directory - somewhere (Errno::ENOENT)
	from /Users/julien/.rvm/gems/ruby-1.9.3-p125/gems/serialport-1.0.4/lib/serialport.rb:16:in `new'
	from /Users/julien/dev/repos/rrroomba/lib/roomba.rb:85:in `initialize'
	from lib/roomba_socket_server.rb:59:in `new'
	from lib/roomba_socket_server.rb:59:in `block in <main>'
	from lib/roomba_socket_server.rb:55:in `each'
	from lib/roomba_socket_server.rb:55:in `<main>'
somewhere
0
115200
/Users/julien/.rvm/gems/ruby-1.9.3-p125/gems/serialport-1.0.4/lib/serialport.rb:16:in `create': No such file or directory - somewhere (Errno::ENOENT)
	from /Users/julien/.rvm/gems/ruby-1.9.3-p125/gems/serialport-1.0.4/lib/serialport.rb:16:in `new'
	from /Users/julien/dev/repos/rrroomba/lib/roomba.rb:85:in `initialize'
	from lib/roomba_socket_server.rb:59:in `new'
	from lib/roomba_socket_server.rb:59:in `block in <main>'
	from lib/roomba_socket_server.rb:55:in `each'
	from lib/roomba_socket_server.rb:55:in `<main>'
somewhere
0
115200
/Users/julien/.rvm/gems/ruby-1.9.3-p125/gems/serialport-1.0.4/lib/serialport.rb:16:in `create': No such file or directory - somewhere (Errno::ENOENT)
	from /Users/julien/.rvm/gems/ruby-1.9.3-p125/gems/serialport-1.0.4/lib/serialport.rb:16:in `new'
	from /Users/julien/dev/repos/rrroomba/lib/roomba.rb:85:in `initialize'
	from lib/roomba_socket_server.rb:59:in `new'
	from lib/roomba_socket_server.rb:59:in `block in <main>'
	from lib/roomba_socket_server.rb:55:in `each'
	from lib/roomba_socket_server.rb:55:in `<main>'
somewhere
0
115200
/Users/julien/.rvm/gems/ruby-1.9.3-p125/gems/serialport-1.0.4/lib/serialport.rb:16:in `create': No such file or directory - somewhere (Errno::ENOENT)
	from /Users/julien/.rvm/gems/ruby-1.9.3-p125/gems/serialport-1.0.4/lib/serialport.rb:16:in `new'
	from /Users/julien/dev/repos/rrroomba/lib/roomba.rb:85:in `initialize'
	from lib/roomba_socket_server.rb:59:in `new'
	from lib/roomba_socket_server.rb:59:in `block in <main>'
	from lib/roomba_socket_server.rb:55:in `each'
	from lib/roomba_socket_server.rb:55:in `<main>'
somewhere
0
115200
/Users/julien/.rvm/gems/ruby-1.9.3-p125/gems/serialport-1.0.4/lib/serialport.rb:16:in `create': No such file or directory - somewhere (Errno::ENOENT)
	from /Users/julien/.rvm/gems/ruby-1.9.3-p125/gems/serialport-1.0.4/lib/serialport.rb:16:in `new'
	from /Users/julien/dev/repos/rrroomba/lib/roomba.rb:85:in `initialize'
	from lib/roomba_socket_server.rb:59:in `new'
	from lib/roomba_socket_server.rb:59:in `block in <main>'
	from lib/roomba_socket_server.rb:55:in `each'
	from lib/roomba_socket_server.rb:55:in `<main>'
somewhere
0
115200
/Users/julien/.rvm/gems/ruby-1.9.3-p125/gems/serialport-1.0.4/lib/serialport.rb:16:in `create': No such file or directory - somewhere (Errno::ENOENT)
	from /Users/julien/.rvm/gems/ruby-1.9.3-p125/gems/serialport-1.0.4/lib/serialport.rb:16:in `new'
	from /Users/julien/dev/repos/rrroomba/lib/roomba.rb:85:in `initialize'
	from lib/roomba_socket_server.rb:59:in `new'
	from lib/roomba_socket_server.rb:59:in `block in <main>'
	from lib/roomba_socket_server.rb:55:in `each'
	from lib/roomba_socket_server.rb:55:in `<main>'
somewhere
0
115200
/Users/julien/.rvm/gems/ruby-1.9.3-p125/gems/serialport-1.0.4/lib/serialport.rb:16:in `create': No such file or directory - somewhere (Errno::ENOENT)
	from /Users/julien/.rvm/gems/ruby-1.9.3-p125/gems/serialport-1.0.4/lib/serialport.rb:16:in `new'
	from /Users/julien/dev/repos/rrroomba/lib/roomba.rb:85:in `initialize'
	from lib/roomba_socket_server.rb:59:in `new'
	from lib/roomba_socket_server.rb:59:in `block in <main>'
	from lib/roomba_socket_server.rb:55:in `each'
	from lib/roomba_socket_server.rb:55:in `<main>'
somewhere
0
115200
/Users/julien/.rvm/gems/ruby-1.9.3-p125/gems/serialport-1.0.4/lib/serialport.rb:16:in `create': No such file or directory - somewhere (Errno::ENOENT)
	from /Users/julien/.rvm/gems/ruby-1.9.3-p125/gems/serialport-1.0.4/lib/serialport.rb:16:in `new'
	from /Users/julien/dev/repos/rrroomba/lib/roomba.rb:85:in `initialize'
	from lib/roomba_socket_server.rb:59:in `new'
	from lib/roomba_socket_server.rb:59:in `block in <main>'
	from lib/roomba_socket_server.rb:55:in `each'
	from lib/roomba_socket_server.rb:55:in `<main>'
somewhere
0
115200
/Users/julien/.rvm/gems/ruby-1.9.3-p125/gems/serialport-1.0.4/lib/serialport.rb:16:in `create': No such file or directory - somewhere (Errno::ENOENT)
	from /Users/julien/.rvm/gems/ruby-1.9.3-p125/gems/serialport-1.0.4/lib/serialport.rb:16:in `new'
	from /Users/julien/dev/repos/rrroomba/lib/roomba.rb:85:in `initialize'
	from lib/roomba_socket_server.rb:59:in `new'
	from lib/roomba_socket_server.rb:59:in `block in <main>'
	from lib/roomba_socket_server.rb:55:in `each'
	from lib/roomba_socket_server.rb:55:in `<main>'
somewhere
0
115200
/Users/julien/.rvm/gems/ruby-1.9.3-p125/gems/serialport-1.0.4/lib/serialport.rb:16:in `create': No such file or directory - somewhere (Errno::ENOENT)
	from /Users/julien/.rvm/gems/ruby-1.9.3-p125/gems/serialport-1.0.4/lib/serialport.rb:16:in `new'
	from /Users/julien/dev/repos/rrroomba/lib/roomba.rb:85:in `initialize'
	from lib/roomba_socket_server.rb:59:in `new'
	from lib/roomba_socket_server.rb:59:in `block in <main>'
	from lib/roomba_socket_server.rb:55:in `each'
	from lib/roomba_socket_server.rb:55:in `<main>'
somewhere
0
115200
/Users/julien/.rvm/gems/ruby-1.9.3-p125/gems/serialport-1.0.4/lib/serialport.rb:16:in `create': No such file or directory - somewhere (Errno::ENOENT)
	from /Users/julien/.rvm/gems/ruby-1.9.3-p125/gems/serialport-1.0.4/lib/serialport.rb:16:in `new'
	from /Users/julien/dev/repos/rrroomba/lib/roomba.rb:85:in `initialize'
	from lib/roomba_socket_server.rb:59:in `new'
	from lib/roomba_socket_server.rb:59:in `block in <main>'
	from lib/roomba_socket_server.rb:55:in `each'
	from lib/roomba_socket_server.rb:55:in `<main>'
somewhere
0
115200
/Users/julien/.rvm/gems/ruby-1.9.3-p125/gems/serialport-1.0.4/lib/serialport.rb:16:in `create': No such file or directory - somewhere (Errno::ENOENT)
	from /Users/julien/.rvm/gems/ruby-1.9.3-p125/gems/serialport-1.0.4/lib/serialport.rb:16:in `new'
	from /Users/julien/dev/repos/rrroomba/lib/roomba.rb:85:in `initialize'
	from lib/roomba_socket_server.rb:59:in `new'
	from lib/roomba_socket_server.rb:59:in `block in <main>'
	from lib/roomba_socket_server.rb:55:in `each'
	from lib/roomba_socket_server.rb:55:in `<main>'
somewhere
0
115200
/Users/julien/.rvm/gems/ruby-1.9.3-p125/gems/serialport-1.0.4/lib/serialport.rb:16:in `create': No such file or directory - somewhere (Errno::ENOENT)
	from /Users/julien/.rvm/gems/ruby-1.9.3-p125/gems/serialport-1.0.4/lib/serialport.rb:16:in `new'
	from /Users/julien/dev/repos/rrroomba/lib/roomba.rb:85:in `initialize'
	from lib/roomba_socket_server.rb:59:in `new'
	from lib/roomba_socket_server.rb:59:in `block in <main>'
	from lib/roomba_socket_server.rb:55:in `each'
	from lib/roomba_socket_server.rb:55:in `<main>'
somewhere
0
115200
